2013-07-23 15:43:59.500 [IPControllerApp] Hub listening on tcp://127.0.0.1:36574 for registration.
2013-07-23 15:43:59.501 [IPControllerApp] Hub using DB backend: 'NoDB'
2013-07-23 15:43:59.755 [IPControllerApp] hub::created hub
2013-07-23 15:43:59.755 [IPControllerApp] writing connection info to /home/alexandre/.config/ipython/profile_default/security/ipcontroller-client.json
2013-07-23 15:43:59.755 [IPControllerApp] writing connection info to /home/alexandre/.config/ipython/profile_default/security/ipcontroller-engine.json
2013-07-23 15:43:59.756 [IPControllerApp] task::using Python leastload Task scheduler
2013-07-23 15:43:59.756 [IPControllerApp] Heartmonitor started
2013-07-23 15:43:59.761 [IPControllerApp] Creating pid file: /home/alexandre/.config/ipython/profile_default/pid/ipcontroller.pid
2013-07-23 15:44:00.482 [IPControllerApp] client::client 'e8c3ba29-10a9-4c14-a6dc-5f91404d3f04' requested 'registration_request'
2013-07-23 15:44:00.584 [IPControllerApp] client::client '4d10f396-8bae-4ad3-89b2-2a0d87b2d59e' requested 'registration_request'
2013-07-23 15:44:05.759 [IPControllerApp] registration::finished registering engine 0:'e8c3ba29-10a9-4c14-a6dc-5f91404d3f04'
2013-07-23 15:44:05.761 [IPControllerApp] engine::Engine Connected: 0
2013-07-23 15:44:05.761 [IPControllerApp] registration::finished registering engine 1:'4d10f396-8bae-4ad3-89b2-2a0d87b2d59e'
2013-07-23 15:44:05.762 [IPControllerApp] engine::Engine Connected: 1
2013-07-23 15:44:09.045 [IPControllerApp] client::client '6e74da19-909b-4eb7-a2c7-69d4528de025' requested 'connection_request'
2013-07-23 15:44:09.046 [IPControllerApp] client::client ['6e74da19-909b-4eb7-a2c7-69d4528de025'] connected
2013-07-23 15:44:16.662 [IPControllerApp] queue::client '6e74da19-909b-4eb7-a2c7-69d4528de025' submitted request '72ce5de5-c7a7-4447-a542-95c81dc17401' to 0
2013-07-23 15:44:16.662 [IPControllerApp] queue::client '6e74da19-909b-4eb7-a2c7-69d4528de025' submitted request 'f70cee07-5899-4b6a-a1a8-02bb9442c291' to 1
2013-07-23 15:44:16.665 [IPControllerApp] queue::request '72ce5de5-c7a7-4447-a542-95c81dc17401' completed on 0
2013-07-23 15:44:16.666 [IPControllerApp] queue::request 'f70cee07-5899-4b6a-a1a8-02bb9442c291' completed on 1
2013-07-23 15:44:20.422 [IPControllerApp] queue::client '6e74da19-909b-4eb7-a2c7-69d4528de025' submitted request 'a266cf5e-1b85-4a06-bfea-f7aed55dde8a' to 0
2013-07-23 15:44:20.422 [IPControllerApp] queue::client '6e74da19-909b-4eb7-a2c7-69d4528de025' submitted request '04472f74-56c5-44ee-82b6-669abe07ef45' to 1
2013-07-23 15:44:20.424 [IPControllerApp] queue::request 'a266cf5e-1b85-4a06-bfea-f7aed55dde8a' completed on 0
2013-07-23 15:44:20.425 [IPControllerApp] queue::request '04472f74-56c5-44ee-82b6-669abe07ef45' completed on 1
2013-07-23 15:44:26.095 [IPControllerApp] queue::client '6e74da19-909b-4eb7-a2c7-69d4528de025' submitted request 'a7d350da-1711-4118-9c22-1d4396cc5790' to 0
2013-07-23 15:44:26.095 [IPControllerApp] queue::client '6e74da19-909b-4eb7-a2c7-69d4528de025' submitted request '697c7537-459c-484e-b396-1e3e6ac3815b' to 1
2013-07-23 15:44:26.097 [IPControllerApp] queue::request 'a7d350da-1711-4118-9c22-1d4396cc5790' completed on 0
2013-07-23 15:44:26.098 [IPControllerApp] queue::request '697c7537-459c-484e-b396-1e3e6ac3815b' completed on 1
2013-07-23 15:44:29.348 [IPControllerApp] queue::client '6e74da19-909b-4eb7-a2c7-69d4528de025' submitted request 'a6d242ad-00e3-4797-b040-1cbb68e44c75' to 0
2013-07-23 15:44:29.348 [IPControllerApp] queue::client '6e74da19-909b-4eb7-a2c7-69d4528de025' submitted request 'de396e7f-99f4-4bb7-b999-f01cb36a9999' to 1
2013-07-23 15:44:29.351 [IPControllerApp] queue::request 'de396e7f-99f4-4bb7-b999-f01cb36a9999' completed on 1
2013-07-23 15:44:29.352 [IPControllerApp] queue::request 'a6d242ad-00e3-4797-b040-1cbb68e44c75' completed on 0
2013-07-23 15:44:35.506 [IPControllerApp] queue::client '6e74da19-909b-4eb7-a2c7-69d4528de025' submitted request 'd591390b-fb80-4491-9d21-b3a1a8e53da4' to 1
2013-07-23 15:44:35.509 [IPControllerApp] queue::request 'd591390b-fb80-4491-9d21-b3a1a8e53da4' completed on 1
2013-07-23 15:44:41.348 [IPControllerApp] queue::client '6e74da19-909b-4eb7-a2c7-69d4528de025' submitted request '34921ea8-8e9f-4c21-a441-d970eec02f90' to 0
2013-07-23 15:44:41.348 [IPControllerApp] queue::client '6e74da19-909b-4eb7-a2c7-69d4528de025' submitted request 'd8f74b71-a94e-46fc-9ffe-c828e1f32117' to 1
2013-07-23 15:44:41.350 [IPControllerApp] queue::request '34921ea8-8e9f-4c21-a441-d970eec02f90' completed on 0
2013-07-23 15:44:41.351 [IPControllerApp] queue::request 'd8f74b71-a94e-46fc-9ffe-c828e1f32117' completed on 1
2013-07-23 15:44:58.555 [IPControllerApp] queue::client '6e74da19-909b-4eb7-a2c7-69d4528de025' submitted request '978f9e86-0409-4ed7-b178-15e9cc83b40e' to 0
2013-07-23 15:44:58.555 [IPControllerApp] queue::client '6e74da19-909b-4eb7-a2c7-69d4528de025' submitted request '92b01f23-777e-4a48-81ae-253430460ae2' to 1
2013-07-23 15:44:58.556 [IPControllerApp] queue::request '978f9e86-0409-4ed7-b178-15e9cc83b40e' completed on 0
2013-07-23 15:44:58.557 [IPControllerApp] queue::request '92b01f23-777e-4a48-81ae-253430460ae2' completed on 1
2013-07-23 15:45:00.346 [IPControllerApp] queue::client '6e74da19-909b-4eb7-a2c7-69d4528de025' submitted request '52696d08-b650-4690-b4a8-99da9b616983' to 0
2013-07-23 15:45:00.347 [IPControllerApp] queue::client '6e74da19-909b-4eb7-a2c7-69d4528de025' submitted request 'a9a4ec22-a2ce-47e0-acac-4627bec91025' to 1
2013-07-23 15:45:00.348 [IPControllerApp] queue::request 'a9a4ec22-a2ce-47e0-acac-4627bec91025' completed on 1
2013-07-23 15:45:00.348 [IPControllerApp] queue::request '52696d08-b650-4690-b4a8-99da9b616983' completed on 0
2013-07-23 15:45:07.331 [IPControllerApp] queue::client '6e74da19-909b-4eb7-a2c7-69d4528de025' submitted request 'c92b5301-e5cb-4560-9afb-593d9579c44d' to 0
2013-07-23 15:45:07.331 [IPControllerApp] queue::client '6e74da19-909b-4eb7-a2c7-69d4528de025' submitted request 'ac02976f-ac5f-43c2-b02c-c273e847a473' to 1
2013-07-23 15:45:07.332 [IPControllerApp] queue::request 'c92b5301-e5cb-4560-9afb-593d9579c44d' completed on 0
2013-07-23 15:45:07.333 [IPControllerApp] queue::request 'ac02976f-ac5f-43c2-b02c-c273e847a473' completed on 1
2013-07-23 15:45:22.785 [IPControllerApp] queue::client '6e74da19-909b-4eb7-a2c7-69d4528de025' submitted request '7360a9ce-b06e-482d-95a9-dbe85bf79d64' to 0
2013-07-23 15:45:22.785 [IPControllerApp] queue::client '6e74da19-909b-4eb7-a2c7-69d4528de025' submitted request 'e43c1d2d-267f-44d3-bb78-18103d12ea8d' to 1
2013-07-23 15:45:22.786 [IPControllerApp] queue::request 'e43c1d2d-267f-44d3-bb78-18103d12ea8d' completed on 1
2013-07-23 15:45:22.787 [IPControllerApp] queue::request '7360a9ce-b06e-482d-95a9-dbe85bf79d64' completed on 0
2013-07-23 15:46:28.017 [IPControllerApp] queue::client '6e74da19-909b-4eb7-a2c7-69d4528de025' submitted request 'b2495b02-dc18-4d0b-a812-83647899d996' to 1
2013-07-23 15:46:32.741 [IPControllerApp] queue::request 'b2495b02-dc18-4d0b-a812-83647899d996' completed on 1
2013-07-23 15:46:48.224 [IPControllerApp] queue::client '6e74da19-909b-4eb7-a2c7-69d4528de025' submitted request 'a137a348-8a9d-45a3-a6c1-b85b9d5b5eff' to 0
2013-07-23 15:46:48.224 [IPControllerApp] queue::client '6e74da19-909b-4eb7-a2c7-69d4528de025' submitted request 'fa76ef87-6372-4060-abd6-a5b928244cbb' to 1
2013-07-23 15:46:48.226 [IPControllerApp] queue::request 'a137a348-8a9d-45a3-a6c1-b85b9d5b5eff' completed on 0
2013-07-23 15:46:48.226 [IPControllerApp] queue::request 'fa76ef87-6372-4060-abd6-a5b928244cbb' completed on 1
2013-07-23 15:48:06.959 [IPControllerApp] task::task 'ad2a684f-c15e-4adf-ad87-622e2087d4d0' arrived on 1
2013-07-23 15:48:08.966 [IPControllerApp] task::task 'ad2a684f-c15e-4adf-ad87-622e2087d4d0' finished on 1
2013-07-23 15:48:45.152 [IPControllerApp] task::task 'ab022dd0-aeb2-4e0f-b884-3e474684ea76' arrived on 0
2013-07-23 15:48:45.153 [IPControllerApp] task::task 'ad81045b-b48a-4b57-976b-5d32055ceac4' arrived on 1
2013-07-23 15:48:47.160 [IPControllerApp] task::task '63d796e2-201d-4c69-84c4-2bfbc6859a77' arrived on 0
2013-07-23 15:48:47.161 [IPControllerApp] task::task 'ab022dd0-aeb2-4e0f-b884-3e474684ea76' finished on 0
2013-07-23 15:48:47.162 [IPControllerApp] task::task '81334d4d-3bd1-46a6-8347-1aac7087af61' arrived on 1
2013-07-23 15:48:47.163 [IPControllerApp] task::task 'ad81045b-b48a-4b57-976b-5d32055ceac4' finished on 1
2013-07-23 15:48:49.169 [IPControllerApp] task::task '63d796e2-201d-4c69-84c4-2bfbc6859a77' finished on 0
2013-07-23 15:48:49.170 [IPControllerApp] task::task '81334d4d-3bd1-46a6-8347-1aac7087af61' finished on 1
2013-07-23 15:50:02.343 [IPControllerApp] Received signal 2, shutting down
2013-07-23 15:50:02.343 [IPControllerApp] terminating children...
